0 info it worked if it ends with ok
1 verbose cli [ 'C:\\Program Files\\nodejs\\node.exe',
1 verbose cli   'C:\\Program Files\\nodejs\\node_modules\\npm\\bin\\npm-cli.js',
1 verbose cli   'install',
1 verbose cli   'Sass' ]
2 info using npm@2.15.9
3 info using node@v4.6.1
4 verbose install initial load of C:\JBTAeroTech\Projects\iops-ui\package.json
5 warn package.json app-ui@0.0.1 No repository field.
6 warn package.json app-ui@0.0.1 No license field.
7 verbose installManyTop reading scoped package data from C:\JBTAeroTech\Projects\iops-ui\node_modules\bower\package.json
8 verbose installManyTop reading scoped package data from C:\JBTAeroTech\Projects\iops-ui\node_modules\browserify\package.json
9 verbose installManyTop reading scoped package data from C:\JBTAeroTech\Projects\iops-ui\node_modules\chai\package.json
10 verbose installManyTop reading scoped package data from C:\JBTAeroTech\Projects\iops-ui\node_modules\grunt\package.json
11 verbose installManyTop reading scoped package data from C:\JBTAeroTech\Projects\iops-ui\node_modules\grunt-bower-task\package.json
12 verbose installManyTop reading scoped package data from C:\JBTAeroTech\Projects\iops-ui\node_modules\grunt-browserify\package.json
13 verbose installManyTop reading scoped package data from C:\JBTAeroTech\Projects\iops-ui\node_modules\grunt-concurrent\package.json
14 verbose installManyTop reading scoped package data from C:\JBTAeroTech\Projects\iops-ui\node_modules\grunt-contrib-clean\package.json
15 verbose installManyTop reading scoped package data from C:\JBTAeroTech\Projects\iops-ui\node_modules\grunt-contrib-coffee\package.json
16 verbose installManyTop reading scoped package data from C:\JBTAeroTech\Projects\iops-ui\node_modules\grunt-contrib-concat\package.json
17 verbose installManyTop reading scoped package data from C:\JBTAeroTech\Projects\iops-ui\node_modules\grunt-contrib-copy\package.json
18 verbose installManyTop reading scoped package data from C:\JBTAeroTech\Projects\iops-ui\node_modules\grunt-contrib-cssmin\package.json
19 verbose installManyTop reading scoped package data from C:\JBTAeroTech\Projects\iops-ui\node_modules\grunt-contrib-jshint\package.json
20 verbose installManyTop reading scoped package data from C:\JBTAeroTech\Projects\iops-ui\node_modules\grunt-contrib-sass\package.json
21 verbose installManyTop reading scoped package data from C:\JBTAeroTech\Projects\iops-ui\node_modules\grunt-contrib-uglify\package.json
22 verbose installManyTop reading scoped package data from C:\JBTAeroTech\Projects\iops-ui\node_modules\grunt-contrib-watch\package.json
23 verbose installManyTop reading scoped package data from C:\JBTAeroTech\Projects\iops-ui\node_modules\grunt-eco\package.json
24 verbose installManyTop reading scoped package data from C:\JBTAeroTech\Projects\iops-ui\node_modules\grunt-git\package.json
25 verbose installManyTop reading scoped package data from C:\JBTAeroTech\Projects\iops-ui\node_modules\grunt-karma\package.json
26 verbose installManyTop reading scoped package data from C:\JBTAeroTech\Projects\iops-ui\node_modules\grunt-nodemon\package.json
27 verbose installManyTop reading scoped package data from C:\JBTAeroTech\Projects\iops-ui\node_modules\grunt-open\package.json
28 verbose installManyTop reading scoped package data from C:\JBTAeroTech\Projects\iops-ui\node_modules\grunt-shell-spawn\package.json
29 verbose installManyTop reading scoped package data from C:\JBTAeroTech\Projects\iops-ui\node_modules\grunt-simple-mocha\package.json
30 verbose installManyTop reading scoped package data from C:\JBTAeroTech\Projects\iops-ui\node_modules\karma\package.json
31 verbose installManyTop reading scoped package data from C:\JBTAeroTech\Projects\iops-ui\node_modules\karma-chrome-launcher\package.json
32 verbose installManyTop reading scoped package data from C:\JBTAeroTech\Projects\iops-ui\node_modules\karma-coffee-preprocessor\package.json
33 verbose installManyTop reading scoped package data from C:\JBTAeroTech\Projects\iops-ui\node_modules\karma-firefox-launcher\package.json
34 verbose installManyTop reading scoped package data from C:\JBTAeroTech\Projects\iops-ui\node_modules\karma-html2js-preprocessor\package.json
35 verbose installManyTop reading scoped package data from C:\JBTAeroTech\Projects\iops-ui\node_modules\karma-jasmine\package.json
36 verbose installManyTop reading scoped package data from C:\JBTAeroTech\Projects\iops-ui\node_modules\karma-phantomjs-launcher\package.json
37 verbose installManyTop reading scoped package data from C:\JBTAeroTech\Projects\iops-ui\node_modules\karma-requirejs\package.json
38 verbose installManyTop reading scoped package data from C:\JBTAeroTech\Projects\iops-ui\node_modules\karma-script-launcher\package.json
39 verbose installManyTop reading scoped package data from C:\JBTAeroTech\Projects\iops-ui\node_modules\load-grunt-tasks\package.json
40 verbose installManyTop reading scoped package data from C:\JBTAeroTech\Projects\iops-ui\node_modules\proxyquire\package.json
41 verbose installManyTop reading scoped package data from C:\JBTAeroTech\Projects\iops-ui\node_modules\requirejs\package.json
42 verbose installManyTop reading scoped package data from C:\JBTAeroTech\Projects\iops-ui\node_modules\sinon\package.json
43 verbose installManyTop reading scoped package data from C:\JBTAeroTech\Projects\iops-ui\node_modules\sinon-chai\package.json
44 verbose installManyTop reading scoped package data from C:\JBTAeroTech\Projects\iops-ui\node_modules\time-grunt\package.json
45 info package.json bower@1.2.8 No license field.
46 info package.json grunt@0.4.5 No license field.
47 info package.json grunt-bower-task@0.3.4 No license field.
48 info package.json grunt-browserify@1.3.2 No license field.
49 info package.json grunt-contrib-coffee@0.13.0 No license field.
50 info package.json grunt-contrib-clean@0.5.0 No license field.
51 info package.json grunt-contrib-concat@0.5.1 No license field.
52 info package.json grunt-contrib-cssmin@0.7.0 No license field.
53 info package.json grunt-contrib-jshint@0.7.2 No license field.
54 info package.json grunt-contrib-sass@0.9.2 No license field.
55 info package.json grunt-eco@0.1.3 No license field.
56 info package.json grunt-contrib-watch@0.6.1 No license field.
57 info package.json grunt-git@0.3.7 No license field.
58 info package.json grunt-shell-spawn@0.3.10 No license field.
59 info package.json grunt-open@0.2.3 No license field.
60 info package.json grunt-simple-mocha@0.4.1 No license field.
61 info package.json karma@0.10.10 No license field.
62 info package.json proxyquire@0.5.3 No license field.
63 info package.json sinon@1.8.2 No license field.
64 verbose readDependencies loading dependencies from C:\JBTAeroTech\Projects\iops-ui\package.json
65 silly cache add args [ 'Sass', null ]
66 verbose cache add spec Sass
67 silly cache add parsed spec Result {
67 silly cache add   raw: 'Sass',
67 silly cache add   scope: null,
67 silly cache add   name: 'Sass',
67 silly cache add   rawSpec: '',
67 silly cache add   spec: 'latest',
67 silly cache add   type: 'tag' }
68 silly addNamed Sass@latest
69 verbose addNamed "latest" is being treated as a dist-tag for Sass
70 info addNameTag [ 'Sass', 'latest' ]
71 silly mapToRegistry name Sass
72 silly mapToRegistry using default registry
73 silly mapToRegistry registry https://registry.npmjs.org/
74 silly mapToRegistry data Result {
74 silly mapToRegistry   raw: 'Sass',
74 silly mapToRegistry   scope: null,
74 silly mapToRegistry   name: 'Sass',
74 silly mapToRegistry   rawSpec: '',
74 silly mapToRegistry   spec: 'latest',
74 silly mapToRegistry   type: 'tag' }
75 silly mapToRegistry uri https://registry.npmjs.org/Sass
76 verbose addNameTag registry:https://registry.npmjs.org/Sass not in flight; fetching
77 verbose request uri https://registry.npmjs.org/Sass
78 verbose request no auth needed
79 info attempt registry request try #1 at 1:11:28 PM
80 verbose request id 377a6fb128aca9d5
81 http request GET https://registry.npmjs.org/Sass
82 http 404 https://registry.npmjs.org/Sass
83 verbose headers { 'content-type': 'application/json',
83 verbose headers   'cache-control': 'max-age=0',
83 verbose headers   'content-length': '2',
83 verbose headers   'accept-ranges': 'bytes',
83 verbose headers   date: 'Fri, 21 Oct 2016 18:11:28 GMT',
83 verbose headers   via: '1.1 varnish',
83 verbose headers   age: '0',
83 verbose headers   connection: 'keep-alive',
83 verbose headers   'x-served-by': 'cache-dfw1832-DFW',
83 verbose headers   'x-cache': 'MISS',
83 verbose headers   'x-cache-hits': '0',
83 verbose headers   'x-timer': 'S1477073488.396261,VS0,VE332',
83 verbose headers   vary: 'Accept-Encoding' }
84 silly get cb [ 404,
84 silly get   { 'content-type': 'application/json',
84 silly get     'cache-control': 'max-age=0',
84 silly get     'content-length': '2',
84 silly get     'accept-ranges': 'bytes',
84 silly get     date: 'Fri, 21 Oct 2016 18:11:28 GMT',
84 silly get     via: '1.1 varnish',
84 silly get     age: '0',
84 silly get     connection: 'keep-alive',
84 silly get     'x-served-by': 'cache-dfw1832-DFW',
84 silly get     'x-cache': 'MISS',
84 silly get     'x-cache-hits': '0',
84 silly get     'x-timer': 'S1477073488.396261,VS0,VE332',
84 silly get     vary: 'Accept-Encoding' } ]
85 verbose stack Error: Registry returned 404 for GET on https://registry.npmjs.org/Sass
85 verbose stack     at makeError (C:\Program Files\nodejs\node_modules\npm\node_modules\npm-registry-client\lib\request.js:264:12)
85 verbose stack     at CachingRegistryClient.<anonymous> (C:\Program Files\nodejs\node_modules\npm\node_modules\npm-registry-client\lib\request.js:242:14)
85 verbose stack     at Request._callback (C:\Program Files\nodejs\node_modules\npm\node_modules\npm-registry-client\lib\request.js:172:14)
85 verbose stack     at Request.self.callback (C:\Program Files\nodejs\node_modules\npm\node_modules\request\request.js:200:22)
85 verbose stack     at emitTwo (events.js:87:13)
85 verbose stack     at Request.emit (events.js:172:7)
85 verbose stack     at Request.<anonymous> (C:\Program Files\nodejs\node_modules\npm\node_modules\request\request.js:1067:10)
85 verbose stack     at emitOne (events.js:82:20)
85 verbose stack     at Request.emit (events.js:169:7)
85 verbose stack     at IncomingMessage.<anonymous> (C:\Program Files\nodejs\node_modules\npm\node_modules\request\request.js:988:12)
86 verbose statusCode 404
87 verbose pkgid Sass
88 verbose cwd C:\JBTAeroTech\Projects\iops-ui
89 error Windows_NT 10.0.10586
90 error argv "C:\\Program Files\\nodejs\\node.exe" "C:\\Program Files\\nodejs\\node_modules\\npm\\bin\\npm-cli.js" "install" "Sass"
91 error node v4.6.1
92 error npm  v2.15.9
93 error code E404
94 error 404 Registry returned 404 for GET on https://registry.npmjs.org/Sass
94 error 404
94 error 404 'Sass' is not in the npm registry.
94 error 404 Your package name is not valid, because
94 error 404
94 error 404  1. name can no longer contain capital letters
94 error 404 It was specified as a dependency of 'app-ui'
94 error 404
94 error 404 Note that you can also install from a
94 error 404 tarball, folder, http url, or git url.
95 verbose exit [ 1, true ]
